

*******************************************************************************
Mon Nov  2 23:52:03 2020


FIT:    data read from "Data/data_dropsize_1.txt"
        format = z
        x range restricted to [0.00000 : *]
        #datapoints = 38001
        residuals are weighted equally (unit weight)

function used for fitting: f(x)
	f(x) = A*x**B
fitted parameters initialized with current variable values

iter      chisq       delta/lim  lambda   A             B            
   0 5.8426939325e+14   0.00e+00  6.51e+05    9.000000e+01   5.000000e-01
   8 2.1306944699e+05  -9.22e-01  6.51e-03    3.869344e-01   3.507352e-01

After 8 iterations the fit converged.
final sum of squares of residuals : 213069
rel. change during last iteration : -9.21544e-06

degrees of freedom    (FIT_NDF)                        : 37999
rms of residuals      (FIT_STDFIT) = sqrt(WSSR/ndf)    : 2.36796
variance of residuals (reduced chisquare) = WSSR/ndf   : 5.60724

Final set of parameters            Asymptotic Standard Error
=======================            ==========================
A               = 0.386934         +/- 0.00193      (0.4988%)
B               = 0.350735         +/- 0.0003413    (0.09732%)

correlation matrix of the fit parameters:
                A      B      
A               1.000 
B              -0.999  1.000 


*******************************************************************************
Mon Nov  2 23:52:31 2020


FIT:    data read from 'Data/data_hole.txt'
        format = z
        x range restricted to [0.00000 : *]
        #datapoints = 360
        residuals are weighted equally (unit weight)

function used for fitting: f(x)
	f(x) = A*exp(-x/B)
fitted parameters initialized with current variable values

iter      chisq       delta/lim  lambda   A             B            
   0 3.4334794961e+04   0.00e+00  1.93e+02    4.000000e+02   5.000000e+07
   3 5.0376098961e+03  -1.79e-02  1.93e-01    3.988194e+02   4.631651e+07

After 3 iterations the fit converged.
final sum of squares of residuals : 5037.61
rel. change during last iteration : -1.79459e-07

degrees of freedom    (FIT_NDF)                        : 358
rms of residuals      (FIT_STDFIT) = sqrt(WSSR/ndf)    : 3.7512
variance of residuals (reduced chisquare) = WSSR/ndf   : 14.0715

Final set of parameters            Asymptotic Standard Error
=======================            ==========================
A               = 398.819          +/- 0.4665       (0.117%)
B               = 4.63165e+07      +/- 1.181e+05    (0.255%)

correlation matrix of the fit parameters:
                A      B      
A               1.000 
B              -0.718  1.000 


*******************************************************************************
Tue Nov  3 00:10:54 2020


FIT:    data read from "Data/data_stability.txt" u 1:2:3 yerrors
        format = x:z:s
        x range restricted to [0.00000 : *]
        #datapoints = 21
function used for fitting: f(x)
	f(x) = A*x**B
fitted parameters initialized with current variable values

iter      chisq       delta/lim  lambda   A             B            
   0 2.3213306394e+01   0.00e+00  2.68e+01    1.500000e+01   2.000000e+00
  11 8.0533516711e-01  -4.73e-03  2.68e-04    8.319151e+00   2.026945e+00

After 11 iterations the fit converged.
final sum of squares of residuals : 0.805335
rel. change during last iteration : -4.73241e-08

degrees of freedom    (FIT_NDF)                        : 19
rms of residuals      (FIT_STDFIT) = sqrt(WSSR/ndf)    : 0.205879
variance of residuals (reduced chisquare) = WSSR/ndf   : 0.0423861
p-value of the Chisq distribution (FIT_P)              : 1

Final set of parameters            Asymptotic Standard Error
=======================            ==========================
A               = 8.31915          +/- 1.828        (21.97%)
B               = 2.02695          +/- 0.03478      (1.716%)

correlation matrix of the fit parameters:
                A      B      
A               1.000 
B              -0.995  1.000 


*******************************************************************************
Tue Nov  3 00:44:46 2020


FIT:    data read from "Data/data_stability.txt" u 1:2:3 yerrors
        format = x:z:s
        x range restricted to [100.000 : *]
        #datapoints = 21
function used for fitting: f(x)
	f(x) = A*x**B
fitted parameters initialized with current variable values

iter      chisq       delta/lim  lambda   A             B            
   0 3.6708616663e+00   0.00e+00  1.43e+01    8.000000e+00   2.000000e+00
   4 8.0533516901e-01  -3.62e-01  1.43e-03    8.319119e+00   2.026947e+00

After 4 iterations the fit converged.
final sum of squares of residuals : 0.805335
rel. change during last iteration : -3.62262e-06

degrees of freedom    (FIT_NDF)                        : 19
rms of residuals      (FIT_STDFIT) = sqrt(WSSR/ndf)    : 0.205879
variance of residuals (reduced chisquare) = WSSR/ndf   : 0.0423861
p-value of the Chisq distribution (FIT_P)              : 1

Final set of parameters            Asymptotic Standard Error
=======================            ==========================
A               = 8.31912          +/- 1.828        (21.97%)
B               = 2.02695          +/- 0.03478      (1.716%)

correlation matrix of the fit parameters:
                A      B      
A               1.000 
B              -0.995  1.000 


*******************************************************************************
Tue Nov  3 00:51:40 2020


FIT:    data read from "Data/data_stability.txt" u 1:2:3 yerrors
        format = x:z:s
        x range restricted to [100.000 : *]
        #datapoints = 21
function used for fitting: f(x)
	f(x) = A*x**B
fitted parameters initialized with current variable values

iter      chisq       delta/lim  lambda   A             B            
   0 3.6708616663e+00   0.00e+00  1.43e+01    8.000000e+00   2.000000e+00
   4 8.0533516901e-01  -3.62e-01  1.43e-03    8.319119e+00   2.026947e+00

After 4 iterations the fit converged.
final sum of squares of residuals : 0.805335
rel. change during last iteration : -3.62262e-06

degrees of freedom    (FIT_NDF)                        : 19
rms of residuals      (FIT_STDFIT) = sqrt(WSSR/ndf)    : 0.205879
variance of residuals (reduced chisquare) = WSSR/ndf   : 0.0423861
p-value of the Chisq distribution (FIT_P)              : 1

Final set of parameters            Asymptotic Standard Error
=======================            ==========================
A               = 8.31912          +/- 1.828        (21.97%)
B               = 2.02695          +/- 0.03478      (1.716%)

correlation matrix of the fit parameters:
                A      B      
A               1.000 
B              -0.995  1.000 


*******************************************************************************
Tue Nov  3 00:52:31 2020


FIT:    data read from "Data/data_stability.txt" u 1:2:3 yerrors
        format = x:z:s
        x range restricted to [100.000 : *]
        #datapoints = 21
function used for fitting: f(x)
	f(x) = A*x**B
fitted parameters initialized with current variable values

iter      chisq       delta/lim  lambda   A             B            
   0 3.6708616663e+00   0.00e+00  1.43e+01    8.000000e+00   2.000000e+00
   4 8.0533516901e-01  -3.62e-01  1.43e-03    8.319119e+00   2.026947e+00

After 4 iterations the fit converged.
final sum of squares of residuals : 0.805335
rel. change during last iteration : -3.62262e-06

degrees of freedom    (FIT_NDF)                        : 19
rms of residuals      (FIT_STDFIT) = sqrt(WSSR/ndf)    : 0.205879
variance of residuals (reduced chisquare) = WSSR/ndf   : 0.0423861
p-value of the Chisq distribution (FIT_P)              : 1

Final set of parameters            Asymptotic Standard Error
=======================            ==========================
A               = 8.31912          +/- 1.828        (21.97%)
B               = 2.02695          +/- 0.03478      (1.716%)

correlation matrix of the fit parameters:
                A      B      
A               1.000 
B              -0.995  1.000 


*******************************************************************************
Tue Nov  3 00:55:18 2020


FIT:    data read from "Data/data_stability.txt" u 1:2:3 yerrors
        format = x:z:s
        x range restricted to [100.000 : *]
        #datapoints = 21
function used for fitting: f(x)
	f(x) = A*x**B
fitted parameters initialized with current variable values

iter      chisq       delta/lim  lambda   A             B            
   0 3.6708616663e+00   0.00e+00  1.43e+01    8.000000e+00   2.000000e+00
   4 8.0533516901e-01  -3.62e-01  1.43e-03    8.319119e+00   2.026947e+00

After 4 iterations the fit converged.
final sum of squares of residuals : 0.805335
rel. change during last iteration : -3.62262e-06

degrees of freedom    (FIT_NDF)                        : 19
rms of residuals      (FIT_STDFIT) = sqrt(WSSR/ndf)    : 0.205879
variance of residuals (reduced chisquare) = WSSR/ndf   : 0.0423861
p-value of the Chisq distribution (FIT_P)              : 1

Final set of parameters            Asymptotic Standard Error
=======================            ==========================
A               = 8.31912          +/- 1.828        (21.97%)
B               = 2.02695          +/- 0.03478      (1.716%)

correlation matrix of the fit parameters:
                A      B      
A               1.000 
B              -0.995  1.000 


*******************************************************************************
Tue Nov  3 00:56:26 2020


FIT:    data read from "Data/data_stability.txt" u 1:2:3 yerrors
        format = x:z:s
        x range restricted to [100.000 : *]
        #datapoints = 21
function used for fitting: f(x)
	f(x) = A*x**B
fitted parameters initialized with current variable values

iter      chisq       delta/lim  lambda   A             B            
   0 3.6708616663e+00   0.00e+00  1.43e+01    8.000000e+00   2.000000e+00
   4 8.0533516901e-01  -3.62e-01  1.43e-03    8.319119e+00   2.026947e+00

After 4 iterations the fit converged.
final sum of squares of residuals : 0.805335
rel. change during last iteration : -3.62262e-06

degrees of freedom    (FIT_NDF)                        : 19
rms of residuals      (FIT_STDFIT) = sqrt(WSSR/ndf)    : 0.205879
variance of residuals (reduced chisquare) = WSSR/ndf   : 0.0423861
p-value of the Chisq distribution (FIT_P)              : 1

Final set of parameters            Asymptotic Standard Error
=======================            ==========================
A               = 8.31912          +/- 1.828        (21.97%)
B               = 2.02695          +/- 0.03478      (1.716%)

correlation matrix of the fit parameters:
                A      B      
A               1.000 
B              -0.995  1.000 


*******************************************************************************
Tue Nov  3 00:56:59 2020


FIT:    data read from "Data/data_stability.txt" u 1:2:3 yerrors
        format = x:z:s
        x range restricted to [100.000 : *]
        #datapoints = 21
function used for fitting: f(x)
	f(x) = A*x**B
fitted parameters initialized with current variable values

iter      chisq       delta/lim  lambda   A             B            
   0 3.6708616663e+00   0.00e+00  1.43e+01    8.000000e+00   2.000000e+00
   4 8.0533516901e-01  -3.62e-01  1.43e-03    8.319119e+00   2.026947e+00

After 4 iterations the fit converged.
final sum of squares of residuals : 0.805335
rel. change during last iteration : -3.62262e-06

degrees of freedom    (FIT_NDF)                        : 19
rms of residuals      (FIT_STDFIT) = sqrt(WSSR/ndf)    : 0.205879
variance of residuals (reduced chisquare) = WSSR/ndf   : 0.0423861
p-value of the Chisq distribution (FIT_P)              : 1

Final set of parameters            Asymptotic Standard Error
=======================            ==========================
A               = 8.31912          +/- 1.828        (21.97%)
B               = 2.02695          +/- 0.03478      (1.716%)

correlation matrix of the fit parameters:
                A      B      
A               1.000 
B              -0.995  1.000 


*******************************************************************************
Tue Nov  3 00:57:51 2020


FIT:    data read from "Data/data_stability.txt" u 1:2:3 yerrors
        format = x:z:s
        x range restricted to [100.000 : *]
        #datapoints = 21
function used for fitting: f(x)
	f(x) = A*x**B
fitted parameters initialized with current variable values

iter      chisq       delta/lim  lambda   A             B            
   0 3.6708616663e+00   0.00e+00  1.43e+01    8.000000e+00   2.000000e+00
   4 8.0533516901e-01  -3.62e-01  1.43e-03    8.319119e+00   2.026947e+00

After 4 iterations the fit converged.
final sum of squares of residuals : 0.805335
rel. change during last iteration : -3.62262e-06

degrees of freedom    (FIT_NDF)                        : 19
rms of residuals      (FIT_STDFIT) = sqrt(WSSR/ndf)    : 0.205879
variance of residuals (reduced chisquare) = WSSR/ndf   : 0.0423861
p-value of the Chisq distribution (FIT_P)              : 1

Final set of parameters            Asymptotic Standard Error
=======================            ==========================
A               = 8.31912          +/- 1.828        (21.97%)
B               = 2.02695          +/- 0.03478      (1.716%)

correlation matrix of the fit parameters:
                A      B      
A               1.000 
B              -0.995  1.000 


*******************************************************************************
Tue Nov  3 00:58:15 2020


FIT:    data read from "Data/data_stability.txt" u 1:2:3 yerrors
        format = x:z:s
        x range restricted to [100.000 : *]
        #datapoints = 21
function used for fitting: f(x)
	f(x) = A*x**B
fitted parameters initialized with current variable values

iter      chisq       delta/lim  lambda   A             B            
   0 3.6708616663e+00   0.00e+00  1.43e+01    8.000000e+00   2.000000e+00
   4 8.0533516901e-01  -3.62e-01  1.43e-03    8.319119e+00   2.026947e+00

After 4 iterations the fit converged.
final sum of squares of residuals : 0.805335
rel. change during last iteration : -3.62262e-06

degrees of freedom    (FIT_NDF)                        : 19
rms of residuals      (FIT_STDFIT) = sqrt(WSSR/ndf)    : 0.205879
variance of residuals (reduced chisquare) = WSSR/ndf   : 0.0423861
p-value of the Chisq distribution (FIT_P)              : 1

Final set of parameters            Asymptotic Standard Error
=======================            ==========================
A               = 8.31912          +/- 1.828        (21.97%)
B               = 2.02695          +/- 0.03478      (1.716%)

correlation matrix of the fit parameters:
                A      B      
A               1.000 
B              -0.995  1.000 


*******************************************************************************
Tue Nov  3 00:58:49 2020


FIT:    data read from "Data/data_stability.txt" u 1:2:3 yerrors
        format = x:z:s
        x range restricted to [100.000 : *]
        #datapoints = 21
function used for fitting: f(x)
	f(x) = A*x**B
fitted parameters initialized with current variable values

iter      chisq       delta/lim  lambda   A             B            
   0 3.6708616663e+00   0.00e+00  1.43e+01    8.000000e+00   2.000000e+00
   4 8.0533516901e-01  -3.62e-01  1.43e-03    8.319119e+00   2.026947e+00

After 4 iterations the fit converged.
final sum of squares of residuals : 0.805335
rel. change during last iteration : -3.62262e-06

degrees of freedom    (FIT_NDF)                        : 19
rms of residuals      (FIT_STDFIT) = sqrt(WSSR/ndf)    : 0.205879
variance of residuals (reduced chisquare) = WSSR/ndf   : 0.0423861
p-value of the Chisq distribution (FIT_P)              : 1

Final set of parameters            Asymptotic Standard Error
=======================            ==========================
A               = 8.31912          +/- 1.828        (21.97%)
B               = 2.02695          +/- 0.03478      (1.716%)

correlation matrix of the fit parameters:
                A      B      
A               1.000 
B              -0.995  1.000 


*******************************************************************************
Tue Nov  3 01:16:50 2020


FIT:    data read from "Data/data_stability.txt" u 1:2:3 yerrors
        format = x:z:s
        x range restricted to [100.000 : *]
        #datapoints = 21
function used for fitting: f(x)
	f(x) = A*x**B
fitted parameters initialized with current variable values

iter      chisq       delta/lim  lambda   A             B            
   0 3.6708616663e+00   0.00e+00  1.43e+01    8.000000e+00   2.000000e+00
   4 8.0533516901e-01  -3.62e-01  1.43e-03    8.319119e+00   2.026947e+00

After 4 iterations the fit converged.
final sum of squares of residuals : 0.805335
rel. change during last iteration : -3.62262e-06

degrees of freedom    (FIT_NDF)                        : 19
rms of residuals      (FIT_STDFIT) = sqrt(WSSR/ndf)    : 0.205879
variance of residuals (reduced chisquare) = WSSR/ndf   : 0.0423861
p-value of the Chisq distribution (FIT_P)              : 1

Final set of parameters            Asymptotic Standard Error
=======================            ==========================
A               = 8.31912          +/- 1.828        (21.97%)
B               = 2.02695          +/- 0.03478      (1.716%)

correlation matrix of the fit parameters:
                A      B      
A               1.000 
B              -0.995  1.000 


*******************************************************************************
Tue Nov  3 01:19:35 2020


FIT:    data read from "Data/data_stability.txt" u 1:2:3 yerrors
        format = x:z:s
        x range restricted to [100.000 : *]
        #datapoints = 21
function used for fitting: f(x)
	f(x) = A*x**B
fitted parameters initialized with current variable values

   4 8.0533516901e-01  -3.62e-01  1.43e-03    8.319119e+00   2.026947e+00

After 4 iterations the fit converged.
final sum of squares of residuals : 0.805335
rel. change during last iteration : -3.62262e-06

degrees of freedom    (FIT_NDF)                        : 19
rms of residuals      (FIT_STDFIT) = sqrt(WSSR/ndf)    : 0.205879
variance of residuals (reduced chisquare) = WSSR/ndf   : 0.0423861
p-value of the Chisq distribution (FIT_P)              : 1

Final set of parameters            Asymptotic Standard Error
=======================            ==========================
A               = 8.31912          +/- 1.828        (21.97%)
B               = 2.02695          +/- 0.03478      (1.716%)

correlation matrix of the fit parameters:
                A      B      
A               1.000 
B              -0.995  1.000 
